C51 COMPILER V9.59.0.0   DELAY                                                             08/08/2020 11:16:32 PAGE 1   


C51 COMPILER V9.59.0.0, COMPILATION OF MODULE DELAY
OBJECT MODULE PLACED IN .\Objects\Delay.obj
COMPILER INVOKED BY: D:\KEIL5_5.29\C51\BIN\C51.EXE System\Delay.c OPTIMIZE(8,SPEED) BROWSE INCDIR(.\System;.\Hardware;.\
                    -System;.\User) DEBUG OBJECTEXTEND PRINT(.\Listings\Delay.lst) TABS(2) OBJECT(.\Objects\Delay.obj)

line level    source

   1          #include "Delay.h"
   2          #include "intrins.h"
   3          void Delayms(unsigned int xms)
   4          {
   5   1        unsigned int i,j;
   6   1        for(i = xms; i > 0; i--)
   7   1          for(j = 55; j > 0; j--);
   8   1      }
   9          void Delay30us()    //@24.000MHz
  10          {
  11   1        unsigned char i;
  12   1      
  13   1        i = 238;
  14   1        while (--i);
  15   1      }
  16          
  17          
  18          void Delay80us()    //@24.000MHz
  19          {
  20   1        unsigned char i, j;
  21   1      
  22   1        _nop_();
  23   1        _nop_();
  24   1        i = 3;
  25   1        j = 123;
  26   1        do
  27   1        {
  28   2          while (--j);
  29   2        } while (--i);
  30   1      }
  31          
  32          void Delay100us()   //@24.000MHz
  33          {
  34   1        unsigned char i, j;
  35   1      
  36   1        i = 4;
  37   1        j = 27;
  38   1        do
  39   1        {
  40   2          while (--j);
  41   2        } while (--i);
  42   1      }
  43          
  44          void Delay1us()   //@24.000MHz
  45          {
  46   1        unsigned char i;
  47   1      
  48   1        i = 6;
  49   1        while (--i);
  50   1      }
  51          
  52          
  53          void Delay40us()    //@24.000MHz
  54          {
C51 COMPILER V9.59.0.0   DELAY                                                             08/08/2020 11:16:32 PAGE 2   

  55   1        unsigned char i, j;
  56   1      
  57   1        _nop_();
  58   1        i = 2;
  59   1        j = 60;
  60   1        do
  61   1        {
  62   2          while (--j);
  63   2        } while (--i);
  64   1      }
  65          
  66          
  67          void Delay50us()    //@24.000MHz
  68          {
  69   1        unsigned char i, j;
  70   1      
  71   1        _nop_();
  72   1        i = 2;
  73   1        j = 140;
  74   1        do
  75   1        {
  76   2          while (--j);
  77   2        } while (--i);
  78   1      }
  79          
  80          void Delay18ms()    //@24.000MHz
  81          {
  82   1        unsigned char i, j, k;
  83   1      
  84   1        _nop_();
  85   1        _nop_();
  86   1        i = 3;
  87   1        j = 50;
  88   1        k = 4;
  89   1        do
  90   1        {
  91   2          do
  92   2          {
  93   3            while (--k);
  94   3          } while (--j);
  95   2        } while (--i);
  96   1      }
  97          
  98          void Delay20ms()    //@24.000MHz
  99          {
 100   1        unsigned char i, j, k;
 101   1      
 102   1        _nop_();
 103   1        i = 3;
 104   1        j = 112;
 105   1        k = 91;
 106   1        do
 107   1        {
 108   2          do
 109   2          {
 110   3            while (--k);
 111   3          } while (--j);
 112   2        } while (--i);
 113   1      }
 114          
 115          void Delay2000ms()    //@24.000MHz
 116          {
C51 COMPILER V9.59.0.0   DELAY                                                             08/08/2020 11:16:32 PAGE 3   

 117   1        unsigned char i, j, k;
 118   1      
 119   1        i = 244;
 120   1        j = 130;
 121   1        k = 4;
 122   1        do
 123   1        {
 124   2          do
 125   2          {
 126   3            while (--k);
 127   3          } while (--j);
 128   2        } while (--i);
 129   1      }
 130          
 131          
 132          


MODULE INFORMATION:   STATIC OVERLAYABLE
   CODE SIZE        =    122    ----
   CONSTANT SIZE    =   ----    ----
   XDATA SIZE       =   ----    ----
   PDATA SIZE       =   ----    ----
   DATA SIZE        =   ----    ----
   IDATA SIZE       =   ----    ----
   BIT SIZE         =   ----    ----
END OF MODULE INFORMATION.


C51 COMPILATION COMPLETE.  0 WARNING(S),  0 ERROR(S)
