C51 COMPILER V9.59.0.0   DHT11                                                             08/04/2020 17:24:28 PAGE 1   


C51 COMPILER V9.59.0.0, COMPILATION OF MODULE DHT11
OBJECT MODULE PLACED IN .\Objects\DHT11.obj
COMPILER INVOKED BY: D:\KEIL5_5.29\C51\BIN\C51.EXE Hardware\DHT11.c OPTIMIZE(8,SPEED) BROWSE INCDIR(.\User;.\System;.\Ha
                    -rdware;.\System;.\User) DEBUG OBJECTEXTEND PRINT(.\Listings\DHT11.lst) TABS(2) OBJECT(.\Objects\DHT11.obj)

line level    source

   1          #include "STC8F.h"
   2          #include "Delay.h"
   3          #include "DHT11.h"
   4          sbit DATA = P4^0;
   5          unsigned char Byte_temp;
   6          unsigned char RH_data_H,RH_data_L,T_data_H,T_data_L,checkdata;
   7          
   8          void Readbyte()
   9          {
  10   1        unsigned char i,bit_temp,flag;
  11   1        for(i=0; i<8; i++)     
  12   1        {
  13   2          flag = 2; 
  14   2          while((!DATA) && flag++);
  15   2          Delay30us();
  16   2          bit_temp = 0;
  17   2          if(DATA)bit_temp = 1;
  18   2          flag = 2;
  19   2          while((DATA) && flag++);    
  20   2          if(flag == 1)break;      
  21   2          Byte_temp <<= 1;
  22   2          Byte_temp |= bit_temp;  
  23   2        } 
  24   1      }
  25          void DHT11_init()
  26          {
  27   1        unsigned char RH_data_H_temp,RH_data_L_temp,T_data_H_temp,T_data_L_temp,checkdata_temp;
  28   1        unsigned char flag;
  29   1        DATA = 0;
  30   1        Delay18ms();
  31   1        DATA = 1;
  32   1        Delay40us();
  33   1        DATA = 1;
  34   1        if(!DATA)
  35   1        {
  36   2          flag = 2;
  37   2          while((!DATA) && (flag++));
  38   2          flag = 2;
  39   2          while((DATA) && (flag++));
  40   2          Readbyte();
  41   2          RH_data_H_temp = Byte_temp;
  42   2          Readbyte();
  43   2          RH_data_L_temp = Byte_temp;
  44   2          Readbyte();
  45   2          T_data_H_temp = Byte_temp;
  46   2          Readbyte();
  47   2          T_data_L_temp = Byte_temp;
  48   2          Readbyte();
  49   2          checkdata_temp = Byte_temp;
  50   2          DATA = 1;
  51   2          if((T_data_H_temp+T_data_L_temp+RH_data_H_temp+RH_data_L_temp) == checkdata_temp)
  52   2          {
  53   3            RH_data_H = RH_data_H_temp;
  54   3            RH_data_L = RH_data_L_temp;
C51 COMPILER V9.59.0.0   DHT11                                                             08/04/2020 17:24:28 PAGE 2   

  55   3            T_data_H  = T_data_H_temp;
  56   3            T_data_L  = T_data_L_temp;
  57   3            checkdata = checkdata_temp;     
  58   3          }
  59   2        }
  60   1      }
  61          void SendData(unsigned char *a)
  62          {
  63   1        unsigned char outdata[5];
  64   1        unsigned char i;
  65   1        outdata[0] = a[0]; 
  66   1        outdata[1] = a[1];
  67   1        outdata[2] = a[2];
  68   1        outdata[3] = a[3];
  69   1        outdata[4] = a[4];
  70   1        ES = 0;
  71   1        for(i=0; i<5; i++)
  72   1        {
  73   2          SBUF = outdata[i];
  74   2          while(!TI);
  75   2          TI = 0;
  76   2        }
  77   1        ES = 1; 
  78   1      }
  79          
  80          
  81          
  82          
  83          
  84          
  85          
  86          
  87          
  88          
  89          
  90          


MODULE INFORMATION:   STATIC OVERLAYABLE
   CODE SIZE        =    259    ----
   CONSTANT SIZE    =   ----    ----
   XDATA SIZE       =   ----    ----
   PDATA SIZE       =   ----    ----
   DATA SIZE        =      6      12
   IDATA SIZE       =   ----    ----
   BIT SIZE         =   ----    ----
END OF MODULE INFORMATION.


C51 COMPILATION COMPLETE.  0 WARNING(S),  0 ERROR(S)
