C51 COMPILER V9.59.0.0   DS1302                                                            08/22/2020 16:11:54 PAGE 1   


C51 COMPILER V9.59.0.0, COMPILATION OF MODULE DS1302
OBJECT MODULE PLACED IN .\Objects\DS1302.obj
COMPILER INVOKED BY: D:\KEIL5_5.29\C51\BIN\C51.EXE Hardware\DS1302.c LARGE ROM(COMPACT) OPTIMIZE(8,SPEED) BROWSE INCDIR(
                    -.\User;.\System;.\App;.\Hardware;.\System;.\User) DEBUG OBJECTEXTEND PRINT(.\Listings\DS1302.lst) TABS(2) OBJECT(.\Objec
                    -ts\DS1302.obj)

line level    source

   1          #include "STC8F.h"
   2          #include "Delay.h"
   3          #include "DS1302.h"
   4          #include "intrins.h"
   5          #include "stdio.h"
   6          #include "string.h"
   7          sbit SCLK = P4^5; 
   8          sbit IO = P4^6;
   9          sbit RST = P4^7;
  10          unsigned char READTIME[7];
  11          unsigned char WRITE_RTC_ADDR[7] = {0x80,0x82,0x84,0x86,0x88,0x8A,0x8C};
  12          unsigned char READ_RTC_ADDR[7] = {0x81,0x83,0x85,0x87,0x89,0x8B,0x8d};
  13          void DS_WriteByte(unsigned char addr, unsigned char dat)
  14          {
  15   1        unsigned char n;
  16   1        RST = 0;
  17   1        _nop_();
  18   1        SCLK = 0;
  19   1        _nop_();
  20   1        RST = 1;
  21   1        _nop_();
  22   1        for(n=0;n<8;n++)
  23   1        {
  24   2          IO = (addr & 0x01);
  25   2          addr >>= 1;
  26   2          SCLK = 1;
  27   2          _nop_();
  28   2          SCLK = 0;
  29   2          _nop_();
  30   2        }
  31   1        for(n=0;n<8;n++)
  32   1        {
  33   2          IO = (dat & 0x01);
  34   2          dat >>= 1;
  35   2          SCLK = 1;
  36   2          _nop_();
  37   2          SCLK = 0;
  38   2          _nop_();
  39   2        }
  40   1        RST = 0;
  41   1        _nop_();
  42   1      }
  43          unsigned char DS_ReadByte(unsigned char addr)
  44          {
  45   1        unsigned char dat,Temp,i;
  46   1        RST = 0;
  47   1        _nop_();
  48   1        SCLK = 0;
  49   1        _nop_();
  50   1        RST = 1;
  51   1        _nop_();
  52   1        for(i=0;i<8;i++)
  53   1        {
C51 COMPILER V9.59.0.0   DS1302                                                            08/22/2020 16:11:54 PAGE 2   

  54   2          IO = (addr & 0x01);
  55   2          addr >>= 1;
  56   2          SCLK = 1;
  57   2          _nop_();
  58   2          SCLK = 0;
  59   2          _nop_();
  60   2        }
  61   1        _nop_();
  62   1        for(i=0;i<8;i++)
  63   1        {
  64   2          Temp = IO;
  65   2          dat = (dat>>1)|(Temp<<7);
  66   2          SCLK = 1;
  67   2          _nop_();
  68   2          SCLK = 0;
  69   2          _nop_();
  70   2        }
  71   1        RST = 0;
  72   1        _nop_();
  73   1        return dat;
  74   1      }
  75          void DS_Init(unsigned char Table[])
  76          {
  77   1        unsigned char n;
  78   1        DS_WriteByte(0x8E,0X00);     //禁止写保护，就是关闭写保护功能
  79   1        for (n=0; n<7; n++)//写入7个字节的时钟信号：sec,min,hour,date,month,day,year
  80   1        {
  81   2          DS_WriteByte(WRITE_RTC_ADDR[n],Table[n]); 
  82   2        }
  83   1        DS_WriteByte(0x8E,0x80);     //打开写保护功能
  84   1      }
  85          void DS_ReadTime()
  86          {
  87   1        unsigned char n;
  88   1        memset(READTIME,' ',sizeof(READTIME));
  89   1        for (n=0; n<7; n++)//读取7个字节的时钟信号：分秒时日月周年
  90   1        {
  91   2          READTIME[n] = DS_ReadByte(READ_RTC_ADDR[n]);
  92   2        }
  93   1      }
  94          unsigned char Hex_to_BCD(unsigned char hexcode)
  95          {
  96   1        return( ( hexcode % 10 ) + ( hexcode / 10 * 16 ) );
  97   1      }


MODULE INFORMATION:   STATIC OVERLAYABLE
   CODE SIZE        =    306    ----
   CONSTANT SIZE    =   ----    ----
   XDATA SIZE       =     21       3
   PDATA SIZE       =   ----    ----
   DATA SIZE        =   ----    ----
   IDATA SIZE       =   ----    ----
   BIT SIZE         =   ----    ----
END OF MODULE INFORMATION.


C51 COMPILATION COMPLETE.  0 WARNING(S),  0 ERROR(S)
