C51 COMPILER V9.59.0.0   KEY                                                               08/08/2020 11:21:28 PAGE 1   


C51 COMPILER V9.59.0.0, COMPILATION OF MODULE KEY
OBJECT MODULE PLACED IN .\Objects\Key.obj
COMPILER INVOKED BY: D:\KEIL5_5.29\C51\BIN\C51.EXE Hardware\Key.c OPTIMIZE(8,SPEED) BROWSE INCDIR(.\User;.\System;.\Hard
                    -ware;.\System;.\User) DEBUG OBJECTEXTEND PRINT(.\Listings\Key.lst) TABS(2) OBJECT(.\Objects\Key.obj)

line level    source

   1          #include "STC8F.h"
   2          #include "Key.h"
   3          #include "Delay.h"
   4          #include "Led.h"
   5          sbit Key1 = P2^5;
   6          sbit Key2 = P2^4;
   7          sbit RST = P5^4;
   8          void Keyinit_1()
   9          {
  10   1        if(!Key1)
  11   1        {
  12   2          Delayms(10);
  13   2          if (!Key1)
  14   2          {     
  15   3            
  16   3            while(!Key1);
  17   3          }
  18   2        }
  19   1      }
  20          void Keyinit_2()
  21          {
  22   1        if(!Key2)
  23   1        {
  24   2          Delayms(10);
  25   2          if (!Key2)
  26   2          {
  27   3          
  28   3            while(!Key2);
  29   3          }
  30   2        }
  31   1      }
  32          void KeyRST()
  33          {
  34   1        if(!RST)
  35   1        {
  36   2          Delayms(10);
  37   2          if(!RST)
  38   2          {
  39   3            IAP_CONTR |= 0x10;
  40   3            Ledinit();
  41   3            while(!RST);
  42   3          }
  43   2        }
  44   1      }


MODULE INFORMATION:   STATIC OVERLAYABLE
   CODE SIZE        =     57    ----
   CONSTANT SIZE    =   ----    ----
   XDATA SIZE       =   ----    ----
   PDATA SIZE       =   ----    ----
   DATA SIZE        =   ----    ----
   IDATA SIZE       =   ----    ----
   BIT SIZE         =   ----    ----
C51 COMPILER V9.59.0.0   KEY                                                               08/08/2020 11:21:28 PAGE 2   

END OF MODULE INFORMATION.


C51 COMPILATION COMPLETE.  0 WARNING(S),  0 ERROR(S)
