C51 COMPILER V9.59.0.0   LED                                                               08/14/2020 21:23:48 PAGE 1   


C51 COMPILER V9.59.0.0, COMPILATION OF MODULE LED
OBJECT MODULE PLACED IN .\Objects\Led.obj
COMPILER INVOKED BY: D:\KEIL5_5.29\C51\BIN\C51.EXE Hardware\Led.c LARGE ROM(COMPACT) OPTIMIZE(8,SPEED) BROWSE INCDIR(.\U
                    -ser;.\System;.\Hardware;.\System;.\User) DEBUG OBJECTEXTEND PRINT(.\Listings\Led.lst) TABS(2) OBJECT(.\Objects\Led.obj)

line level    source

   1          #include "STC8F.h"
   2          #include "Led.h"
   3          void Ledinit()
   4          {
   5   1        Led = 0;
   6   1      }


MODULE INFORMATION:   STATIC OVERLAYABLE
   CODE SIZE        =      3    ----
   CONSTANT SIZE    =   ----    ----
   XDATA SIZE       =   ----    ----
   PDATA SIZE       =   ----    ----
   DATA SIZE        =   ----    ----
   IDATA SIZE       =   ----    ----
   BIT SIZE         =   ----    ----
END OF MODULE INFORMATION.


C51 COMPILATION COMPLETE.  0 WARNING(S),  0 ERROR(S)
