C51 COMPILER V9.59.0.0   UART                                                              08/23/2020 10:26:18 PAGE 1   


C51 COMPILER V9.59.0.0, COMPILATION OF MODULE UART
OBJECT MODULE PLACED IN .\Objects\Uart.obj
COMPILER INVOKED BY: D:\KEIL5_5.29\C51\BIN\C51.EXE Hardware\Uart.c LARGE ROM(COMPACT) OPTIMIZE(8,SPEED) BROWSE INCDIR(.\
                    -User;.\System;.\App;.\Hardware;.\System;.\User) DEBUG OBJECTEXTEND PRINT(.\Listings\Uart.lst) TABS(2) OBJECT(.\Objects\U
                    -art.obj)

line level    source

   1          #include "STC8F.h"
   2          #include "Uart.h"
   3          void Uart1_Init()//57600bps@24.000MHz
   4          {
   5   1        PCON |= 0x80;   //使能波特率倍速位SMOD
   6   1        SCON = 0x50;    //8位数据,可变波特率
   7   1        AUXR |= 0x40;   //定时器1时钟为Fosc,即1T
   8   1        AUXR &= 0xFE;   //串口1选择定时器1为波特率发生器
   9   1        TMOD &= 0x0F;   //清除定时器1模式位
  10   1        TMOD |= 0x20;   //设定定时器1为8位自动重装方式
  11   1        TL1 = 0xE6;   //设定定时初值
  12   1        TH1 = 0xE6;   //设定定时器重装值
  13   1        ET1 = 0;    //禁止定时器1中断
  14   1        TR1 = 1;    //启动定时器1
  15   1        EA = 1;
  16   1        ES = 1;
  17   1      }
  18          void Timer5Init()   //25毫秒@24.000MHz
  19          {
  20   1        AUXR &= 0xFB;   //定时器时钟12T模式
  21   1        T2L = 0xB0;   //设置定时初值
  22   1        T2H = 0x3C;   //设置定时初值
  23   1        AUXR |= 0x10;   //定时器2开始计时
  24   1        IE2 = ET2; 
  25   1        EA = 1;
  26   1      }


MODULE INFORMATION:   STATIC OVERLAYABLE
   CODE SIZE        =     51    ----
   CONSTANT SIZE    =   ----    ----
   XDATA SIZE       =   ----    ----
   PDATA SIZE       =   ----    ----
   DATA SIZE        =   ----    ----
   IDATA SIZE       =   ----    ----
   BIT SIZE         =   ----    ----
END OF MODULE INFORMATION.


C51 COMPILATION COMPLETE.  0 WARNING(S),  0 ERROR(S)
